c:\users\zahar\onedrive\рабочий стол\курсоваямоейсамойлюбимойдевушки\курсоваямоейсамойлюбимойдевушки\debug\vc142.pdb
c:\users\zahar\onedrive\рабочий стол\курсоваямоейсамойлюбимойдевушки\курсоваямоейсамойлюбимойдевушки\debug\vc142.idb
c:\users\zahar\onedrive\рабочий стол\курсоваямоейсамойлюбимойдевушки\курсоваямоейсамойлюбимойдевушки\debug\курсоваямоейсамойлюбимойдевушки.obj
c:\users\zahar\onedrive\рабочий стол\курсоваямоейсамойлюбимойдевушки\курсоваямоейсамойлюбимойдевушки\debug\курсоваямоейсамойлюбимойдевушки.ilk
c:\users\zahar\onedrive\рабочий стол\курсоваямоейсамойлюбимойдевушки\debug\учёт книг в библиотеке.pdb
c:\users\zahar\onedrive\рабочий стол\курсоваямоейсамойлюбимойдевушки\курсоваямоейсамойлюбимойдевушки\debug\учёт кни.2847d68e.tlog\cl.command.1.tlog
c:\users\zahar\onedrive\рабочий стол\курсоваямоейсамойлюбимойдевушки\курсоваямоейсамойлюбимойдевушки\debug\учёт кни.2847d68e.tlog\cl.read.1.tlog
c:\users\zahar\onedrive\рабочий стол\курсоваямоейсамойлюбимойдевушки\курсоваямоейсамойлюбимойдевушки\debug\учёт кни.2847d68e.tlog\cl.write.1.tlog
c:\users\zahar\onedrive\рабочий стол\курсоваямоейсамойлюбимойдевушки\курсоваямоейсамойлюбимойдевушки\debug\учёт кни.2847d68e.tlog\link-cvtres.read.1.tlog
c:\users\zahar\onedrive\рабочий стол\курсоваямоейсамойлюбимойдевушки\курсоваямоейсамойлюбимойдевушки\debug\учёт кни.2847d68e.tlog\link-cvtres.write.1.tlog
c:\users\zahar\onedrive\рабочий стол\курсоваямоейсамойлюбимойдевушки\курсоваямоейсамойлюбимойдевушки\debug\учёт кни.2847d68e.tlog\link-rc.read.1.tlog
c:\users\zahar\onedrive\рабочий стол\курсоваямоейсамойлюбимойдевушки\курсоваямоейсамойлюбимойдевушки\debug\учёт кни.2847d68e.tlog\link-rc.write.1.tlog
c:\users\zahar\onedrive\рабочий стол\курсоваямоейсамойлюбимойдевушки\курсоваямоейсамойлюбимойдевушки\debug\учёт кни.2847d68e.tlog\link.27588-cvtres.read.1.tlog
c:\users\zahar\onedrive\рабочий стол\курсоваямоейсамойлюбимойдевушки\курсоваямоейсамойлюбимойдевушки\debug\учёт кни.2847d68e.tlog\link.27588-cvtres.write.1.tlog
c:\users\zahar\onedrive\рабочий стол\курсоваямоейсамойлюбимойдевушки\курсоваямоейсамойлюбимойдевушки\debug\учёт кни.2847d68e.tlog\link.27588-rc.read.1.tlog
c:\users\zahar\onedrive\рабочий стол\курсоваямоейсамойлюбимойдевушки\курсоваямоейсамойлюбимойдевушки\debug\учёт кни.2847d68e.tlog\link.27588-rc.write.1.tlog
c:\users\zahar\onedrive\рабочий стол\курсоваямоейсамойлюбимойдевушки\курсоваямоейсамойлюбимойдевушки\debug\учёт кни.2847d68e.tlog\link.27588.read.1.tlog
c:\users\zahar\onedrive\рабочий стол\курсоваямоейсамойлюбимойдевушки\курсоваямоейсамойлюбимойдевушки\debug\учёт кни.2847d68e.tlog\link.27588.write.1.tlog
c:\users\zahar\onedrive\рабочий стол\курсоваямоейсамойлюбимойдевушки\курсоваямоейсамойлюбимойдевушки\debug\учёт кни.2847d68e.tlog\link.command.1.tlog
c:\users\zahar\onedrive\рабочий стол\курсоваямоейсамойлюбимойдевушки\курсоваямоейсамойлюбимойдевушки\debug\учёт кни.2847d68e.tlog\link.read.1.tlog
c:\users\zahar\onedrive\рабочий стол\курсоваямоейсамойлюбимойдевушки\курсоваямоейсамойлюбимойдевушки\debug\учёт кни.2847d68e.tlog\link.write.1.tlog
